<?xml version="1.0" encoding="UTF-8"?>
<testsuite xmlns:xsi="http://www.w3.org/2001/XMLSchema-instance" xsi:noNamespaceSchemaLocation="https://maven.apache.org/surefire/maven-surefire-plugin/xsd/surefire-test-report-3.0.xsd" version="3.0" name="com.training.CalculatorTest" time="0.112" tests="6" errors="0" skipped="0" failures="0">
  <properties>
[...]
</properties>
  <testcase name="testBall" classname="com.training.CalculatorTest" time="0.038">
    <system-err><![CDATA[Aug 07, 2024 4:27:26 PM org.junit.jupiter.engine.discovery.MethodSelectorResolver resolve
WARNING: Possible configuration error: method [public void com.training.CalculatorTest.testBall()] resulted in multiple TestDescriptors [org.junit.jupiter.engine.descriptor.TestTemplateTestDescriptor, org.junit.jupiter.engine.descriptor.TestMethodTestDescriptor]. This is typically the result of annotating a method with multiple competing annotations such as @Test, @RepeatedTest, @ParameterizedTest, @TestFactory, etc.
Aug 07, 2024 4:27:26 PM org.junit.jupiter.engine.discovery.MethodSelectorResolver resolve
WARNING: Possible configuration error: method [public void com.training.CalculatorTest.testBall()] resulted in multiple TestDescriptors [org.junit.jupiter.engine.descriptor.TestMethodTestDescriptor, org.junit.jupiter.engine.descriptor.TestTemplateTestDescriptor]. This is typically the result of annotating a method with multiple competing annotations such as @Test, @RepeatedTest, @ParameterizedTest, @TestFactory, etc.
]]></system-err>
  </testcase>
  <testcase name="testBall" classname="com.training.CalculatorTest" time="0.005"/>
  <testcase name="testBall" classname="com.training.CalculatorTest" time="0.002"/>
  <testcase name="testBall" classname="com.training.CalculatorTest" time="0.001"/>
  <testcase name="testApple" classname="com.training.CalculatorTest" time="0.001"/>
  <testcase name="testCat" classname="com.training.CalculatorTest" time="0.001"/>
</testsuite>